cd /Users/feserafim/Dropbox/ISA/workspace/ideas-studio; JAVA_HOME=/Library/Java/JavaVirtualMachines/jdk1.8.0_66.jdk/Contents/Home "/Applications/NetBeans/NetBeans 8.1.app/Contents/Resources/NetBeans/java/maven/bin/mvn" -Dtest=es.us.isa.ideas.test.app.pageobject.testcase.RegisterTestCase surefire:test
Running NetBeans Compile On Save execution. Phase execution is skipped and output directories of dependency projects (with Compile on Save turned on) will be used instead of their jar artifacts.
Scanning for projects...

Some problems were encountered while building the effective model for es.us.isa:ideas-studio:war:0.9.2.7
'dependencies.dependency.(groupId:artifactId:type:classifier)' must be unique: commons-io:commons-io:jar -> duplicate declaration of version 2.4 @ line 550, column 21
'build.plugins.plugin.version' for org.apache.maven.plugins:maven-eclipse-plugin is missing. @ line 745, column 21

It is highly recommended to fix these problems because they threaten the stability of your build.

For this reason, future Maven versions might no longer support building such malformed projects.

The metadata /Users/feserafim/.m2/repository/org/apache/maven/plugins/maven-eclipse-plugin/maven-metadata-codehaus-snapshots.xml is invalid: end tag name </head> must be the same as start tag <link> from line 15 (position: TEXT seen ...itle="Codehaus" href="http://www.codehaus.org/feed.xml" />\n</head>... @17:8) 
                                                                        
------------------------------------------------------------------------
Building ideas-studio 0.9.2.7
------------------------------------------------------------------------

--- maven-surefire-plugin:2.12:test (default-cli) @ ideas-studio ---
Surefire report directory: /Users/feserafim/Dropbox/ISA/workspace/ideas-studio/target/surefire-reports

-------------------------------------------------------
 T E S T S
-------------------------------------------------------
Running es.us.isa.ideas.test.app.pageobject.testcase.RegisterTestCase
Starting ChromeDriver 2.21.371459 (36d3d07f660ff2bc1bf28a75d1cdabed0983e7c4) on port 43787
Only local connections are allowed.
may 31, 2016 6:25:55 PM es.us.isa.ideas.test.app.pageobject.login.RegisterPage$RegisterTestCase testRegisterWithErrors
INFORMACIÓN: test_result: true
may 31, 2016 6:26:04 PM es.us.isa.ideas.test.app.pageobject.login.RegisterSocialTwitterPage$TwitterRegisterTestCase testTwitterSocialRegister
INFORMACIÓN: test_result: true
may 31, 2016 6:26:21 PM es.us.isa.ideas.test.app.pageobject.login.RegisterSocialGooglePage$GoogleRegisterTestCase testGoogleSocialRegister
INFORMACIÓN: test_result: true
may 31, 2016 6:26:37 PM es.us.isa.ideas.test.app.pageobject.login.RegisterSocialGooglePage$GoogleRegisterTestCase testGoogleSocialLogout
INFORMACIÓN: test_result: true
may 31, 2016 6:27:12 PM es.us.isa.ideas.test.app.pageobject.login.LoginPage$LoginTestCase testLogin
INFORMACIÓN: test_result: true
may 31, 2016 6:27:13 PM es.us.isa.ideas.test.app.pageobject.login.RegisterPage$RegisterTestCase testRegister
INFORMACIÓN: test_result: true
may 31, 2016 6:27:43 PM es.us.isa.ideas.test.app.pageobject.login.LoginPage$LoginTestCase testLogin
INFORMACIÓN: test_result: true
may 31, 2016 6:27:45 PM es.us.isa.ideas.test.app.pageobject.login.RecoverPasswordPage$RegisterTestCase testRecoverPassword
INFORMACIÓN: test_result: true
Tests run: 5, Failures: 0, Errors: 0, Skipped: 0, Time elapsed: 126.503 sec

Results :

Tests run: 5, Failures: 0, Errors: 0, Skipped: 0

------------------------------------------------------------------------
BUILD SUCCESS
------------------------------------------------------------------------
Total time: 2:10.612s
Finished at: Tue May 31 18:27:47 CEST 2016
Final Memory: 13M/309M
------------------------------------------------------------------------

cd /Users/feserafim/Dropbox/ISA/workspace/ideas-studio; JAVA_HOME=/Library/Java/JavaVirtualMachines/jdk1.8.0_66.jdk/Contents/Home "/Applications/NetBeans/NetBeans 8.1.app/Contents/Resources/NetBeans/java/maven/bin/mvn" -Dtest=es.us.isa.ideas.test.app.pageobject.testcase.DynatreeTestCase surefire:test
Running NetBeans Compile On Save execution. Phase execution is skipped and output directories of dependency projects (with Compile on Save turned on) will be used instead of their jar artifacts.
Scanning for projects...

Some problems were encountered while building the effective model for es.us.isa:ideas-studio:war:0.9.2.7
'dependencies.dependency.(groupId:artifactId:type:classifier)' must be unique: commons-io:commons-io:jar -> duplicate declaration of version 2.4 @ line 550, column 21
'build.plugins.plugin.version' for org.apache.maven.plugins:maven-eclipse-plugin is missing. @ line 745, column 21

It is highly recommended to fix these problems because they threaten the stability of your build.

For this reason, future Maven versions might no longer support building such malformed projects.

The metadata /Users/feserafim/.m2/repository/org/apache/maven/plugins/maven-eclipse-plugin/maven-metadata-codehaus-snapshots.xml is invalid: end tag name </head> must be the same as start tag <link> from line 15 (position: TEXT seen ...itle="Codehaus" href="http://www.codehaus.org/feed.xml" />\n</head>... @17:8) 
                                                                        
------------------------------------------------------------------------
Building ideas-studio 0.9.2.7
------------------------------------------------------------------------

--- maven-surefire-plugin:2.12:test (default-cli) @ ideas-studio ---
Surefire report directory: /Users/feserafim/Dropbox/ISA/workspace/ideas-studio/target/surefire-reports

-------------------------------------------------------
 T E S T S
-------------------------------------------------------
Running es.us.isa.ideas.test.app.pageobject.testcase.DynatreeTestCase
Starting ChromeDriver 2.21.371459 (36d3d07f660ff2bc1bf28a75d1cdabed0983e7c4) on port 3996
Only local connections are allowed.
may 31, 2016 6:44:34 PM es.us.isa.ideas.test.app.pageobject.PageObject alertWindowConfirm
GRAVE: Timed out after 3 seconds waiting for alert to be present
Build info: version: '2.53.0', revision: '35ae25b1534ae328c771e0856c93e187490ca824', time: '2016-03-15 10:43:46'
System info: host: 'MacBook-Pro-de-Felipe.local', ip: '192.168.57.1', os.name: 'Mac OS X', os.arch: 'x86_64', os.version: '10.11.4', java.version: '1.8.0_66'
Driver info: org.openqa.selenium.chrome.ChromeDriver
Capabilities [{applicationCacheEnabled=false, rotatable=false, mobileEmulationEnabled=false, chrome={chromedriverVersion=2.21.371459 (36d3d07f660ff2bc1bf28a75d1cdabed0983e7c4), userDataDir=/var/folders/kx/zhpc_qc12ygg2gc3l1xx87cr0000gn/T/.org.chromium.Chromium.Tbz7W4}, takesHeapSnapshot=true, databaseEnabled=false, handlesAlerts=true, hasTouchScreen=false, version=50.0.2661.102, platform=MAC, browserConnectionEnabled=false, nativeEvents=true, acceptSslCerts=true, locationContextEnabled=true, webStorageEnabled=true, browserName=chrome, takesScreenshot=true, javascriptEnabled=true, cssSelectorsEnabled=true}]
Session ID: 084e3440516d06c6ba19d06d6408fdb4
may 31, 2016 6:44:37 PM es.us.isa.ideas.test.app.pageobject.login.LoginPage$LoginTestCase testLogin
INFORMACIÓN: test_result: true
may 31, 2016 6:44:57 PM es.us.isa.ideas.test.app.pageobject.editor.WorkspaceManagerPage$WorkspaceTestCase testCreateWorkspace
INFORMACIÓN: test_result: true
may 31, 2016 6:45:25 PM es.us.isa.ideas.test.app.pageobject.editor.WorkspaceManagerPage$WorkspaceTestCase testCreateWorkspaceWithError
INFORMACIÓN: test_result: true
may 31, 2016 6:45:37 PM es.us.isa.ideas.test.app.pageobject.editor.SectionFile$ProjectTestCase testCreateProjectWithoutRefresh
INFORMACIÓN: test_result: true
may 31, 2016 6:46:11 PM es.us.isa.ideas.test.app.pageobject.editor.SectionFile$FileTestCase testRemoveDynatreeNode
INFORMACIÓN: test_result: true
may 31, 2016 6:46:28 PM es.us.isa.ideas.test.app.pageobject.editor.SectionFile$ProjectTestCase testCreateProject
INFORMACIÓN: test_result: true
may 31, 2016 6:46:47 PM es.us.isa.ideas.test.app.pageobject.editor.SectionFile$ProjectTestCase testCreateProjectWithError
INFORMACIÓN: test_result: true
may 31, 2016 6:46:59 PM es.us.isa.ideas.test.app.pageobject.editor.SectionFile$FileTestCase testCreateFile
INFORMACIÓN: test_result: true
may 31, 2016 6:47:02 PM es.us.isa.ideas.test.app.pageobject.editor.SectionFile$FileTestCase testPaste
INFORMACIÓN: test_result: true
may 31, 2016 6:47:10 PM es.us.isa.ideas.test.app.pageobject.editor.SectionFile$FileTestCase testCopyPaste
INFORMACIÓN: test_result: true
may 31, 2016 6:47:27 PM es.us.isa.ideas.test.app.pageobject.editor.SectionFile$DirectoryTestCase testCreateDirectory
INFORMACIÓN: test_result: true
may 31, 2016 6:47:43 PM es.us.isa.ideas.test.app.pageobject.editor.SectionFile$DirectoryTestCase testCreateDirectory
INFORMACIÓN: test_result: true
may 31, 2016 6:47:55 PM es.us.isa.ideas.test.app.pageobject.editor.SectionFile$FileTestCase testCreateFile
INFORMACIÓN: test_result: true
may 31, 2016 6:48:14 PM es.us.isa.ideas.test.app.pageobject.editor.SectionFile$FileTestCase testEditFile
INFORMACIÓN: test_result: true
may 31, 2016 6:48:31 PM es.us.isa.ideas.test.app.pageobject.editor.WorkspaceManagerPage$WorkspaceTestCase testDeleteWorkspace
INFORMACIÓN: test_result: true
may 31, 2016 6:48:52 PM es.us.isa.ideas.test.app.pageobject.editor.WorkspaceManagerPage$WorkspaceTestCase testCreateWorkspaceZip
INFORMACIÓN: test_result: true
driver location : https://localhost:8181/IDEAS/app/editor
may 31, 2016 6:49:09 PM es.us.isa.ideas.test.app.pageobject.editor.WorkspaceManagerPage$WorkspaceTestCase testDeleteWorkspace
INFORMACIÓN: test_result: true
may 31, 2016 6:49:17 PM es.us.isa.ideas.test.app.pageobject.PageObject alertWindowConfirm
GRAVE: Timed out after 3 seconds waiting for alert to be present
Build info: version: '2.53.0', revision: '35ae25b1534ae328c771e0856c93e187490ca824', time: '2016-03-15 10:43:46'
System info: host: 'MacBook-Pro-de-Felipe.local', ip: '192.168.57.1', os.name: 'Mac OS X', os.arch: 'x86_64', os.version: '10.11.4', java.version: '1.8.0_66'
Driver info: org.openqa.selenium.chrome.ChromeDriver
Capabilities [{applicationCacheEnabled=false, rotatable=false, mobileEmulationEnabled=false, chrome={chromedriverVersion=2.21.371459 (36d3d07f660ff2bc1bf28a75d1cdabed0983e7c4), userDataDir=/var/folders/kx/zhpc_qc12ygg2gc3l1xx87cr0000gn/T/.org.chromium.Chromium.Tbz7W4}, takesHeapSnapshot=true, databaseEnabled=false, handlesAlerts=true, hasTouchScreen=false, version=50.0.2661.102, platform=MAC, browserConnectionEnabled=false, nativeEvents=true, acceptSslCerts=true, locationContextEnabled=true, webStorageEnabled=true, browserName=chrome, takesScreenshot=true, javascriptEnabled=true, cssSelectorsEnabled=true}]
Session ID: 084e3440516d06c6ba19d06d6408fdb4
may 31, 2016 6:49:19 PM es.us.isa.ideas.test.app.pageobject.login.LoginPage$LoginTestCase testLogin
INFORMACIÓN: test_result: true
may 31, 2016 6:49:23 PM es.us.isa.ideas.test.app.pageobject.editor.WorkspaceManagerPage$WorkspaceTestCase testForceGenerateTemplateWorkspace
INFORMACIÓN: test_result: true
may 31, 2016 6:49:25 PM es.us.isa.ideas.test.app.pageobject.editor.WorkspaceManagerPage$WorkspaceTestCase testForceGenerateTemplateWorkspace
INFORMACIÓN: test_result: true
Tests run: 13, Failures: 0, Errors: 0, Skipped: 0, Time elapsed: 298.372 sec

Results :

Tests run: 13, Failures: 0, Errors: 0, Skipped: 0

------------------------------------------------------------------------
BUILD SUCCESS
------------------------------------------------------------------------
Total time: 5:01.961s
Finished at: Tue May 31 18:49:26 CEST 2016
Final Memory: 13M/309M
------------------------------------------------------------------------


cd /Users/feserafim/Dropbox/ISA/workspace/ideas-studio; JAVA_HOME=/Library/Java/JavaVirtualMachines/jdk1.8.0_66.jdk/Contents/Home "/Applications/NetBeans/NetBeans 8.1.app/Contents/Resources/NetBeans/java/maven/bin/mvn" -Dtest=es.us.isa.ideas.test.app.pageobject.testcase.BindingFormTestCase surefire:test
Running NetBeans Compile On Save execution. Phase execution is skipped and output directories of dependency projects (with Compile on Save turned on) will be used instead of their jar artifacts.
Scanning for projects...

Some problems were encountered while building the effective model for es.us.isa:ideas-studio:war:0.9.2.7
'dependencies.dependency.(groupId:artifactId:type:classifier)' must be unique: commons-io:commons-io:jar -> duplicate declaration of version 2.4 @ line 550, column 21
'build.plugins.plugin.version' for org.apache.maven.plugins:maven-eclipse-plugin is missing. @ line 745, column 21

It is highly recommended to fix these problems because they threaten the stability of your build.

For this reason, future Maven versions might no longer support building such malformed projects.

The metadata /Users/feserafim/.m2/repository/org/apache/maven/plugins/maven-eclipse-plugin/maven-metadata-codehaus-snapshots.xml is invalid: end tag name </head> must be the same as start tag <link> from line 15 (position: TEXT seen ...itle="Codehaus" href="http://www.codehaus.org/feed.xml" />\n</head>... @17:8) 
                                                                        
------------------------------------------------------------------------
Building ideas-studio 0.9.2.7
------------------------------------------------------------------------

--- maven-surefire-plugin:2.12:test (default-cli) @ ideas-studio ---
Surefire report directory: /Users/feserafim/Dropbox/ISA/workspace/ideas-studio/target/surefire-reports

-------------------------------------------------------
 T E S T S
-------------------------------------------------------
Running es.us.isa.ideas.test.app.pageobject.testcase.BindingFormTestCase
Starting ChromeDriver 2.21.371459 (36d3d07f660ff2bc1bf28a75d1cdabed0983e7c4) on port 47550
Only local connections are allowed.
may 31, 2016 6:50:01 PM es.us.isa.ideas.test.app.pageobject.PageObject alertWindowConfirm
GRAVE: Timed out after 3 seconds waiting for alert to be present
Build info: version: '2.53.0', revision: '35ae25b1534ae328c771e0856c93e187490ca824', time: '2016-03-15 10:43:46'
System info: host: 'MacBook-Pro-de-Felipe.local', ip: '192.168.57.1', os.name: 'Mac OS X', os.arch: 'x86_64', os.version: '10.11.4', java.version: '1.8.0_66'
Driver info: org.openqa.selenium.chrome.ChromeDriver
Capabilities [{applicationCacheEnabled=false, rotatable=false, mobileEmulationEnabled=false, chrome={chromedriverVersion=2.21.371459 (36d3d07f660ff2bc1bf28a75d1cdabed0983e7c4), userDataDir=/var/folders/kx/zhpc_qc12ygg2gc3l1xx87cr0000gn/T/.org.chromium.Chromium.G2zRql}, takesHeapSnapshot=true, databaseEnabled=false, handlesAlerts=true, hasTouchScreen=false, version=50.0.2661.102, platform=MAC, browserConnectionEnabled=false, nativeEvents=true, acceptSslCerts=true, locationContextEnabled=true, webStorageEnabled=true, browserName=chrome, takesScreenshot=true, javascriptEnabled=true, cssSelectorsEnabled=true}]
Session ID: f260b10af2177b9c22807fa213f10ad3
may 31, 2016 6:50:04 PM es.us.isa.ideas.test.app.pageobject.login.LoginPage$LoginTestCase testLogin
INFORMACIÓN: test_result: true
may 31, 2016 6:50:21 PM es.us.isa.ideas.test.app.pageobject.editor.WorkspaceManagerPage$WorkspaceTestCase testCreateWorkspace
INFORMACIÓN: test_result: true
may 31, 2016 6:50:36 PM es.us.isa.ideas.test.app.pageobject.editor.SectionFile$ProjectTestCase testCreateProject
INFORMACIÓN: test_result: true
may 31, 2016 6:50:47 PM es.us.isa.ideas.test.app.pageobject.editor.SectionFile$FileTestCase testCreateFile
INFORMACIÓN: test_result: true
may 31, 2016 6:51:06 PM es.us.isa.ideas.test.app.pageobject.editor.SectionFile$FileTestCase testEditFile
INFORMACIÓN: test_result: true
may 31, 2016 6:51:09 PM es.us.isa.ideas.test.app.pageobject.editor.SectionInspector$SectionInspectorTestCase testOpenInspector
INFORMACIÓN: test_result: true
may 31, 2016 6:51:19 PM es.us.isa.ideas.test.app.pageobject.editor.SectionFile$FileTestCase testOpenFile
INFORMACIÓN: test_result: true
may 31, 2016 6:51:19 PM es.us.isa.ideas.test.app.pageobject.editor.SectionInspector$SectionInspectorTestCase testOpenInspector
INFORMACIÓN: test_result: true
may 31, 2016 6:51:31 PM es.us.isa.ideas.test.app.pageobject.editor.SectionInspector$SectionInspectorTestCase testBuildExampleFormFromFilename
INFORMACIÓN: test_result: true
may 31, 2016 6:51:41 PM es.us.isa.ideas.test.app.pageobject.editor.SectionFile$FileTestCase testOpenFile
INFORMACIÓN: test_result: true
may 31, 2016 6:51:41 PM es.us.isa.ideas.test.app.pageobject.editor.SectionEditorFormatTab$SectionEditorFormatTabTestCase testIsEditorFormatActivated
INFORMACIÓN: test_result: true
may 31, 2016 6:51:44 PM es.us.isa.ideas.test.app.pageobject.editor.SectionInspector$SectionInspectorTestCase testOpenInspector
INFORMACIÓN: test_result: true
may 31, 2016 6:51:49 PM es.us.isa.ideas.test.app.pageobject.editor.SectionInspector$SectionInspectorTestCase testInspectorFormTabContentContains
INFORMACIÓN: test_result: true
may 31, 2016 6:51:49 PM es.us.isa.ideas.test.app.pageobject.editor.SectionEditorFormatTab$SectionEditorFormatTabTestCase testIsEditorFormatActivated
INFORMACIÓN: test_result: true
may 31, 2016 6:52:01 PM es.us.isa.ideas.test.app.pageobject.editor.SectionFile$FileTestCase testCreateFile
INFORMACIÓN: test_result: true
may 31, 2016 6:52:20 PM es.us.isa.ideas.test.app.pageobject.editor.SectionFile$FileTestCase testEditFile
INFORMACIÓN: test_result: true
may 31, 2016 6:52:32 PM es.us.isa.ideas.test.app.pageobject.editor.SectionFile$FileTestCase testCreateFile
INFORMACIÓN: test_result: true
may 31, 2016 6:52:51 PM es.us.isa.ideas.test.app.pageobject.editor.SectionFile$FileTestCase testEditFile
INFORMACIÓN: test_result: true
may 31, 2016 6:53:03 PM es.us.isa.ideas.test.app.pageobject.editor.SectionFile$FileTestCase testCreateFile
INFORMACIÓN: test_result: true
may 31, 2016 6:53:22 PM es.us.isa.ideas.test.app.pageobject.editor.SectionFile$FileTestCase testEditFile
INFORMACIÓN: test_result: true
may 31, 2016 6:53:32 PM es.us.isa.ideas.test.app.pageobject.editor.SectionFile$FileTestCase testOpenFile
INFORMACIÓN: test_result: true
may 31, 2016 6:53:34 PM es.us.isa.ideas.test.app.pageobject.editor.SectionEditorFormatTab$SectionEditorFormatTabTestCase testIsEditorFormatActivated
INFORMACIÓN: test_result: true
may 31, 2016 6:53:45 PM es.us.isa.ideas.test.app.pageobject.editor.SectionFile$FileTestCase testOpenFile
INFORMACIÓN: test_result: true
may 31, 2016 6:53:59 PM es.us.isa.ideas.test.app.pageobject.editor.SectionFile$FileTestCase testOpenFile
INFORMACIÓN: test_result: true
may 31, 2016 6:54:08 PM es.us.isa.ideas.test.app.pageobject.editor.SectionFile$FileTestCase testCloseFile
INFORMACIÓN: test_result: true
may 31, 2016 6:54:08 PM es.us.isa.ideas.test.app.pageobject.editor.SectionEditorFormatTab$SectionEditorFormatTabTestCase testIsEditorFormatActivated
INFORMACIÓN: test_result: true
may 31, 2016 6:54:13 PM es.us.isa.ideas.test.app.pageobject.editor.SectionEditorFormatTab$SectionEditorFormatTabTestCase testIsEditorFormatActivated
INFORMACIÓN: test_result: true
may 31, 2016 6:54:13 PM es.us.isa.ideas.test.app.pageobject.editor.SectionBindingForm$SectionBindingFormTestCase testFormatViewAddSlaButton
INFORMACIÓN: test_result: true
may 31, 2016 6:54:13 PM es.us.isa.ideas.test.app.pageobject.editor.SectionBindingForm$SectionBindingFormTestCase testNumberOfCreationConstraints
INFORMACIÓN: test_result: true
may 31, 2016 6:54:18 PM es.us.isa.ideas.test.app.pageobject.editor.SectionEditorFormatTab$SectionEditorFormatTabTestCase testIsEditorFormatActivated
INFORMACIÓN: test_result: true
may 31, 2016 6:54:20 PM es.us.isa.ideas.test.app.pageobject.editor.SectionInspector$SectionInspectorTestCase testOpenInspector
INFORMACIÓN: test_result: true
may 31, 2016 6:54:22 PM es.us.isa.ideas.test.app.pageobject.editor.SectionEditorFormatTab$SectionEditorFormatTabTestCase testIsEditorFormatActivated
INFORMACIÓN: test_result: true
may 31, 2016 6:54:41 PM es.us.isa.ideas.test.app.pageobject.editor.SectionFile$FileTestCase testEditFile
INFORMACIÓN: test_result: true
may 31, 2016 6:54:45 PM es.us.isa.ideas.test.app.pageobject.editor.SectionInspector$SectionInspectorTestCase testOpenInspector
INFORMACIÓN: test_result: true
may 31, 2016 6:54:50 PM es.us.isa.ideas.test.app.pageobject.editor.SectionBindingForm$SectionBindingFormTestCase testNumberInspectorConstraintCards
INFORMACIÓN: test_result: true
may 31, 2016 6:55:05 PM es.us.isa.ideas.test.app.pageobject.editor.WorkspaceManagerPage$WorkspaceTestCase testDeleteWorkspace
INFORMACIÓN: test_result: true
Tests run: 10, Failures: 0, Errors: 0, Skipped: 0, Time elapsed: 316.862 sec

Results :

Tests run: 10, Failures: 0, Errors: 0, Skipped: 0

------------------------------------------------------------------------
BUILD SUCCESS
------------------------------------------------------------------------
Total time: 5:21.202s
Finished at: Tue May 31 18:55:08 CEST 2016
Final Memory: 13M/309M
------------------------------------------------------------------------
