cd /Users/feserafim/Dropbox/ISA/workspace/ideas-studio; JAVA_HOME=/Library/Java/JavaVirtualMachines/jdk1.8.0_66.jdk/Contents/Home "/Applications/NetBeans/NetBeans 8.1.app/Contents/Resources/NetBeans/java/maven/bin/mvn" -Dtest=es.us.isa.ideas.test.app.pageobject.testcase.BindingFormTestCase surefire:test
Running NetBeans Compile On Save execution. Phase execution is skipped and output directories of dependency projects (with Compile on Save turned on) will be used instead of their jar artifacts.
Scanning for projects...

Some problems were encountered while building the effective model for es.us.isa:ideas-studio:war:0.9.3
'dependencies.dependency.(groupId:artifactId:type:classifier)' must be unique: commons-io:commons-io:jar -> duplicate declaration of version 2.4 @ line 552, column 21
'build.plugins.plugin.version' for org.apache.maven.plugins:maven-eclipse-plugin is missing. @ line 747, column 21

It is highly recommended to fix these problems because they threaten the stability of your build.

For this reason, future Maven versions might no longer support building such malformed projects.

The metadata /Users/feserafim/.m2/repository/org/apache/maven/plugins/maven-eclipse-plugin/maven-metadata-codehaus-snapshots.xml is invalid: end tag name </head> must be the same as start tag <link> from line 15 (position: TEXT seen ...itle="Codehaus" href="http://www.codehaus.org/feed.xml" />\n</head>... @17:8) 
                                                                        
------------------------------------------------------------------------
Building ideas-studio 0.9.3
------------------------------------------------------------------------

--- maven-surefire-plugin:2.12:test (default-cli) @ ideas-studio ---
Surefire report directory: /Users/feserafim/Dropbox/ISA/workspace/ideas-studio/target/surefire-reports

-------------------------------------------------------
 T E S T S
-------------------------------------------------------
Running es.us.isa.ideas.test.app.pageobject.testcase.BindingFormTestCase
Starting ChromeDriver 2.21.371459 (36d3d07f660ff2bc1bf28a75d1cdabed0983e7c4) on port 4013
Only local connections are allowed.
jun 01, 2016 11:21:11 AM es.us.isa.ideas.test.app.pageobject.PageObject alertWindowConfirm
GRAVE: Timed out after 3 seconds waiting for alert to be present
Build info: version: '2.53.0', revision: '35ae25b1534ae328c771e0856c93e187490ca824', time: '2016-03-15 10:43:46'
System info: host: 'MacBook-Pro-de-Felipe.local', ip: '192.168.57.1', os.name: 'Mac OS X', os.arch: 'x86_64', os.version: '10.11.4', java.version: '1.8.0_66'
Driver info: org.openqa.selenium.chrome.ChromeDriver
Capabilities [{applicationCacheEnabled=false, rotatable=false, mobileEmulationEnabled=false, chrome={chromedriverVersion=2.21.371459 (36d3d07f660ff2bc1bf28a75d1cdabed0983e7c4), userDataDir=/var/folders/kx/zhpc_qc12ygg2gc3l1xx87cr0000gn/T/.org.chromium.Chromium.nEAFYG}, takesHeapSnapshot=true, databaseEnabled=false, handlesAlerts=true, hasTouchScreen=false, version=50.0.2661.102, platform=MAC, browserConnectionEnabled=false, nativeEvents=true, acceptSslCerts=true, locationContextEnabled=true, webStorageEnabled=true, browserName=chrome, takesScreenshot=true, javascriptEnabled=true, cssSelectorsEnabled=true}]
Session ID: a1bbfca5767442e2b805f566d647b8b4
jun 01, 2016 11:21:24 AM es.us.isa.ideas.test.app.pageobject.login.LoginPage$LoginTestCase testLogin
INFORMACIÓN: test_result: true
jun 01, 2016 11:21:46 AM es.us.isa.ideas.test.app.pageobject.editor.WorkspaceManagerPage$WorkspaceTestCase testCreateWorkspace
INFORMACIÓN: test_result: true
jun 01, 2016 11:22:02 AM es.us.isa.ideas.test.app.pageobject.editor.SectionFile$ProjectTestCase testCreateProject
INFORMACIÓN: test_result: true
jun 01, 2016 11:22:15 AM es.us.isa.ideas.test.app.pageobject.editor.SectionFile$FileTestCase testCreateFile
INFORMACIÓN: test_result: true
jun 01, 2016 11:22:35 AM es.us.isa.ideas.test.app.pageobject.editor.SectionFile$FileTestCase testEditFile
INFORMACIÓN: test_result: true
jun 01, 2016 11:22:37 AM es.us.isa.ideas.test.app.pageobject.editor.SectionInspector$SectionInspectorTestCase testOpenInspector
INFORMACIÓN: test_result: true
jun 01, 2016 11:22:48 AM es.us.isa.ideas.test.app.pageobject.editor.SectionFile$FileTestCase testOpenFile
INFORMACIÓN: test_result: true
jun 01, 2016 11:22:48 AM es.us.isa.ideas.test.app.pageobject.editor.SectionInspector$SectionInspectorTestCase testOpenInspector
INFORMACIÓN: test_result: true
jun 01, 2016 11:23:00 AM es.us.isa.ideas.test.app.pageobject.editor.SectionInspector$SectionInspectorTestCase testBuildExampleFormFromFilename
INFORMACIÓN: test_result: true
jun 01, 2016 11:23:10 AM es.us.isa.ideas.test.app.pageobject.editor.SectionFile$FileTestCase testOpenFile
INFORMACIÓN: test_result: true
jun 01, 2016 11:23:10 AM es.us.isa.ideas.test.app.pageobject.editor.SectionEditorFormatTab$SectionEditorFormatTabTestCase testIsEditorFormatActivated
INFORMACIÓN: test_result: true
jun 01, 2016 11:23:12 AM es.us.isa.ideas.test.app.pageobject.editor.SectionInspector$SectionInspectorTestCase testOpenInspector
INFORMACIÓN: test_result: true
jun 01, 2016 11:23:17 AM es.us.isa.ideas.test.app.pageobject.editor.SectionInspector$SectionInspectorTestCase testInspectorFormTabContentContains
INFORMACIÓN: test_result: true
jun 01, 2016 11:23:17 AM es.us.isa.ideas.test.app.pageobject.editor.SectionEditorFormatTab$SectionEditorFormatTabTestCase testIsEditorFormatActivated
INFORMACIÓN: test_result: true
jun 01, 2016 11:23:31 AM es.us.isa.ideas.test.app.pageobject.editor.SectionFile$FileTestCase testCreateFile
INFORMACIÓN: test_result: true
jun 01, 2016 11:23:51 AM es.us.isa.ideas.test.app.pageobject.editor.SectionFile$FileTestCase testEditFile
INFORMACIÓN: test_result: true
jun 01, 2016 11:24:04 AM es.us.isa.ideas.test.app.pageobject.editor.SectionFile$FileTestCase testCreateFile
INFORMACIÓN: test_result: true
jun 01, 2016 11:24:25 AM es.us.isa.ideas.test.app.pageobject.editor.SectionFile$FileTestCase testEditFile
INFORMACIÓN: test_result: true
jun 01, 2016 11:24:40 AM es.us.isa.ideas.test.app.pageobject.editor.SectionFile$FileTestCase testCreateFile
INFORMACIÓN: test_result: true
jun 01, 2016 11:25:00 AM es.us.isa.ideas.test.app.pageobject.editor.SectionFile$FileTestCase testEditFile
INFORMACIÓN: test_result: true
jun 01, 2016 11:25:11 AM es.us.isa.ideas.test.app.pageobject.editor.SectionFile$FileTestCase testOpenFile
INFORMACIÓN: test_result: true
jun 01, 2016 11:25:13 AM es.us.isa.ideas.test.app.pageobject.editor.SectionEditorFormatTab$SectionEditorFormatTabTestCase testIsEditorFormatActivated
INFORMACIÓN: test_result: true
jun 01, 2016 11:25:23 AM es.us.isa.ideas.test.app.pageobject.editor.SectionFile$FileTestCase testOpenFile
INFORMACIÓN: test_result: true
jun 01, 2016 11:25:37 AM es.us.isa.ideas.test.app.pageobject.editor.SectionFile$FileTestCase testOpenFile
INFORMACIÓN: test_result: true
jun 01, 2016 11:25:46 AM es.us.isa.ideas.test.app.pageobject.editor.SectionFile$FileTestCase testCloseFile
INFORMACIÓN: test_result: true
jun 01, 2016 11:25:46 AM es.us.isa.ideas.test.app.pageobject.editor.SectionEditorFormatTab$SectionEditorFormatTabTestCase testIsEditorFormatActivated
INFORMACIÓN: test_result: true
jun 01, 2016 11:25:52 AM es.us.isa.ideas.test.app.pageobject.editor.SectionEditorFormatTab$SectionEditorFormatTabTestCase testIsEditorFormatActivated
INFORMACIÓN: test_result: true
jun 01, 2016 11:25:52 AM es.us.isa.ideas.test.app.pageobject.editor.SectionBindingForm$SectionBindingFormTestCase testFormatViewAddSlaButton
INFORMACIÓN: test_result: true
jun 01, 2016 11:25:52 AM es.us.isa.ideas.test.app.pageobject.editor.SectionBindingForm$SectionBindingFormTestCase testNumberOfCreationConstraints
INFORMACIÓN: test_result: true
jun 01, 2016 11:25:56 AM es.us.isa.ideas.test.app.pageobject.editor.SectionEditorFormatTab$SectionEditorFormatTabTestCase testIsEditorFormatActivated
INFORMACIÓN: test_result: true
jun 01, 2016 11:25:58 AM es.us.isa.ideas.test.app.pageobject.editor.SectionInspector$SectionInspectorTestCase testOpenInspector
INFORMACIÓN: test_result: true
jun 01, 2016 11:26:00 AM es.us.isa.ideas.test.app.pageobject.editor.SectionEditorFormatTab$SectionEditorFormatTabTestCase testIsEditorFormatActivated
INFORMACIÓN: test_result: true
jun 01, 2016 11:26:21 AM es.us.isa.ideas.test.app.pageobject.editor.SectionFile$FileTestCase testEditFile
INFORMACIÓN: test_result: true
jun 01, 2016 11:26:25 AM es.us.isa.ideas.test.app.pageobject.editor.SectionInspector$SectionInspectorTestCase testOpenInspector
INFORMACIÓN: test_result: true
jun 01, 2016 11:26:30 AM es.us.isa.ideas.test.app.pageobject.editor.SectionBindingForm$SectionBindingFormTestCase testNumberInspectorConstraintCards
INFORMACIÓN: test_result: true
jun 01, 2016 11:26:48 AM es.us.isa.ideas.test.app.pageobject.editor.WorkspaceManagerPage$WorkspaceTestCase testDeleteWorkspace
INFORMACIÓN: test_result: true
Tests run: 10, Failures: 0, Errors: 0, Skipped: 0, Time elapsed: 350.426 sec

Results :

Tests run: 10, Failures: 0, Errors: 0, Skipped: 0

------------------------------------------------------------------------
BUILD SUCCESS
------------------------------------------------------------------------
Total time: 5:54.371s
Finished at: Wed Jun 01 11:26:51 CEST 2016
Final Memory: 13M/309M
------------------------------------------------------------------------

cd /Users/feserafim/Dropbox/ISA/workspace/ideas-studio; JAVA_HOME=/Library/Java/JavaVirtualMachines/jdk1.8.0_66.jdk/Contents/Home "/Applications/NetBeans/NetBeans 8.1.app/Contents/Resources/NetBeans/java/maven/bin/mvn" -Dtest=es.us.isa.ideas.test.app.pageobject.testcase.DynatreeTestCase surefire:test
Running NetBeans Compile On Save execution. Phase execution is skipped and output directories of dependency projects (with Compile on Save turned on) will be used instead of their jar artifacts.
Scanning for projects...

Some problems were encountered while building the effective model for es.us.isa:ideas-studio:war:0.9.3
'dependencies.dependency.(groupId:artifactId:type:classifier)' must be unique: commons-io:commons-io:jar -> duplicate declaration of version 2.4 @ line 552, column 21
'build.plugins.plugin.version' for org.apache.maven.plugins:maven-eclipse-plugin is missing. @ line 747, column 21

It is highly recommended to fix these problems because they threaten the stability of your build.

For this reason, future Maven versions might no longer support building such malformed projects.

The metadata /Users/feserafim/.m2/repository/org/apache/maven/plugins/maven-eclipse-plugin/maven-metadata-codehaus-snapshots.xml is invalid: end tag name </head> must be the same as start tag <link> from line 15 (position: TEXT seen ...itle="Codehaus" href="http://www.codehaus.org/feed.xml" />\n</head>... @17:8) 
                                                                        
------------------------------------------------------------------------
Building ideas-studio 0.9.3
------------------------------------------------------------------------

--- maven-surefire-plugin:2.12:test (default-cli) @ ideas-studio ---
Surefire report directory: /Users/feserafim/Dropbox/ISA/workspace/ideas-studio/target/surefire-reports

-------------------------------------------------------
 T E S T S
-------------------------------------------------------
Running es.us.isa.ideas.test.app.pageobject.testcase.DynatreeTestCase
Starting ChromeDriver 2.21.371459 (36d3d07f660ff2bc1bf28a75d1cdabed0983e7c4) on port 30942
Only local connections are allowed.
jun 01, 2016 11:27:45 AM es.us.isa.ideas.test.app.pageobject.PageObject alertWindowConfirm
GRAVE: Timed out after 3 seconds waiting for alert to be present
Build info: version: '2.53.0', revision: '35ae25b1534ae328c771e0856c93e187490ca824', time: '2016-03-15 10:43:46'
System info: host: 'MacBook-Pro-de-Felipe.local', ip: '192.168.57.1', os.name: 'Mac OS X', os.arch: 'x86_64', os.version: '10.11.4', java.version: '1.8.0_66'
Driver info: org.openqa.selenium.chrome.ChromeDriver
Capabilities [{applicationCacheEnabled=false, rotatable=false, mobileEmulationEnabled=false, chrome={chromedriverVersion=2.21.371459 (36d3d07f660ff2bc1bf28a75d1cdabed0983e7c4), userDataDir=/var/folders/kx/zhpc_qc12ygg2gc3l1xx87cr0000gn/T/.org.chromium.Chromium.xctILm}, takesHeapSnapshot=true, databaseEnabled=false, handlesAlerts=true, hasTouchScreen=false, version=50.0.2661.102, platform=MAC, browserConnectionEnabled=false, nativeEvents=true, acceptSslCerts=true, locationContextEnabled=true, webStorageEnabled=true, browserName=chrome, takesScreenshot=true, javascriptEnabled=true, cssSelectorsEnabled=true}]
Session ID: 6758234d6541baf27482b490f6f80aab
jun 01, 2016 11:27:58 AM es.us.isa.ideas.test.app.pageobject.login.LoginPage$LoginTestCase testLogin
INFORMACIÓN: test_result: true
jun 01, 2016 11:28:24 AM es.us.isa.ideas.test.app.pageobject.editor.WorkspaceManagerPage$WorkspaceTestCase testCreateWorkspace
INFORMACIÓN: test_result: true
jun 01, 2016 11:28:54 AM es.us.isa.ideas.test.app.pageobject.editor.WorkspaceManagerPage$WorkspaceTestCase testCreateWorkspaceWithError
INFORMACIÓN: test_result: true
jun 01, 2016 11:29:06 AM es.us.isa.ideas.test.app.pageobject.editor.SectionFile$ProjectTestCase testCreateProjectWithoutRefresh
INFORMACIÓN: test_result: true
jun 01, 2016 11:29:42 AM es.us.isa.ideas.test.app.pageobject.editor.SectionFile$FileTestCase testRemoveDynatreeNode
INFORMACIÓN: test_result: true
jun 01, 2016 11:30:00 AM es.us.isa.ideas.test.app.pageobject.editor.SectionFile$ProjectTestCase testCreateProject
INFORMACIÓN: test_result: true
jun 01, 2016 11:30:21 AM es.us.isa.ideas.test.app.pageobject.editor.SectionFile$ProjectTestCase testCreateProjectWithError
INFORMACIÓN: test_result: true
jun 01, 2016 11:30:34 AM es.us.isa.ideas.test.app.pageobject.editor.SectionFile$FileTestCase testCreateFile
INFORMACIÓN: test_result: true
jun 01, 2016 11:30:37 AM es.us.isa.ideas.test.app.pageobject.editor.SectionFile$FileTestCase testPaste
INFORMACIÓN: test_result: true
jun 01, 2016 11:30:45 AM es.us.isa.ideas.test.app.pageobject.editor.SectionFile$FileTestCase testCopyPaste
INFORMACIÓN: test_result: true
jun 01, 2016 11:31:03 AM es.us.isa.ideas.test.app.pageobject.editor.SectionFile$DirectoryTestCase testCreateDirectory
INFORMACIÓN: test_result: true
jun 01, 2016 11:31:21 AM es.us.isa.ideas.test.app.pageobject.editor.SectionFile$DirectoryTestCase testCreateDirectory
INFORMACIÓN: test_result: true
jun 01, 2016 11:31:34 AM es.us.isa.ideas.test.app.pageobject.editor.SectionFile$FileTestCase testCreateFile
INFORMACIÓN: test_result: true
jun 01, 2016 11:31:55 AM es.us.isa.ideas.test.app.pageobject.editor.SectionFile$FileTestCase testEditFile
INFORMACIÓN: test_result: true
jun 01, 2016 11:32:16 AM es.us.isa.ideas.test.app.pageobject.editor.WorkspaceManagerPage$WorkspaceTestCase testDeleteWorkspace
INFORMACIÓN: test_result: true
jun 01, 2016 11:32:41 AM es.us.isa.ideas.test.app.pageobject.editor.WorkspaceManagerPage$WorkspaceTestCase testCreateWorkspaceZip
INFORMACIÓN: test_result: true
driver location : https://designer.governify.io/app/editor
jun 01, 2016 11:33:03 AM es.us.isa.ideas.test.app.pageobject.editor.WorkspaceManagerPage$WorkspaceTestCase testDeleteWorkspace
INFORMACIÓN: test_result: true
jun 01, 2016 11:33:12 AM es.us.isa.ideas.test.app.pageobject.PageObject alertWindowConfirm
GRAVE: Timed out after 3 seconds waiting for alert to be present
Build info: version: '2.53.0', revision: '35ae25b1534ae328c771e0856c93e187490ca824', time: '2016-03-15 10:43:46'
System info: host: 'MacBook-Pro-de-Felipe.local', ip: '192.168.57.1', os.name: 'Mac OS X', os.arch: 'x86_64', os.version: '10.11.4', java.version: '1.8.0_66'
Driver info: org.openqa.selenium.chrome.ChromeDriver
Capabilities [{applicationCacheEnabled=false, rotatable=false, mobileEmulationEnabled=false, chrome={chromedriverVersion=2.21.371459 (36d3d07f660ff2bc1bf28a75d1cdabed0983e7c4), userDataDir=/var/folders/kx/zhpc_qc12ygg2gc3l1xx87cr0000gn/T/.org.chromium.Chromium.xctILm}, takesHeapSnapshot=true, databaseEnabled=false, handlesAlerts=true, hasTouchScreen=false, version=50.0.2661.102, platform=MAC, browserConnectionEnabled=false, nativeEvents=true, acceptSslCerts=true, locationContextEnabled=true, webStorageEnabled=true, browserName=chrome, takesScreenshot=true, javascriptEnabled=true, cssSelectorsEnabled=true}]
Session ID: 6758234d6541baf27482b490f6f80aab
jun 01, 2016 11:33:31 AM es.us.isa.ideas.test.app.pageobject.login.LoginPage$LoginTestCase testLogin
INFORMACIÓN: test_result: true
jun 01, 2016 11:33:36 AM es.us.isa.ideas.test.app.pageobject.editor.WorkspaceManagerPage$WorkspaceTestCase testForceGenerateTemplateWorkspace
INFORMACIÓN: test_result: true
jun 01, 2016 11:33:39 AM es.us.isa.ideas.test.app.pageobject.editor.WorkspaceManagerPage$WorkspaceTestCase testForceGenerateTemplateWorkspace
INFORMACIÓN: test_result: true
Tests run: 13, Failures: 0, Errors: 0, Skipped: 0, Time elapsed: 365.787 sec

Results :

Tests run: 13, Failures: 0, Errors: 0, Skipped: 0

------------------------------------------------------------------------
BUILD SUCCESS
------------------------------------------------------------------------
Total time: 6:09.874s
Finished at: Wed Jun 01 11:33:39 CEST 2016
Final Memory: 13M/309M
------------------------------------------------------------------------

cd /Users/feserafim/Dropbox/ISA/workspace/ideas-studio; JAVA_HOME=/Library/Java/JavaVirtualMachines/jdk1.8.0_66.jdk/Contents/Home "/Applications/NetBeans/NetBeans 8.1.app/Contents/Resources/NetBeans/java/maven/bin/mvn" -Dtest=es.us.isa.ideas.test.app.pageobject.testcase.RegisterTestCase surefire:test
Running NetBeans Compile On Save execution. Phase execution is skipped and output directories of dependency projects (with Compile on Save turned on) will be used instead of their jar artifacts.
Scanning for projects...

Some problems were encountered while building the effective model for es.us.isa:ideas-studio:war:0.9.3
'dependencies.dependency.(groupId:artifactId:type:classifier)' must be unique: commons-io:commons-io:jar -> duplicate declaration of version 2.4 @ line 552, column 21
'build.plugins.plugin.version' for org.apache.maven.plugins:maven-eclipse-plugin is missing. @ line 747, column 21

It is highly recommended to fix these problems because they threaten the stability of your build.

For this reason, future Maven versions might no longer support building such malformed projects.

The metadata /Users/feserafim/.m2/repository/org/apache/maven/plugins/maven-eclipse-plugin/maven-metadata-codehaus-snapshots.xml is invalid: end tag name </head> must be the same as start tag <link> from line 15 (position: TEXT seen ...itle="Codehaus" href="http://www.codehaus.org/feed.xml" />\n</head>... @17:8) 
                                                                        
------------------------------------------------------------------------
Building ideas-studio 0.9.3
------------------------------------------------------------------------

--- maven-surefire-plugin:2.12:test (default-cli) @ ideas-studio ---
Surefire report directory: /Users/feserafim/Dropbox/ISA/workspace/ideas-studio/target/surefire-reports

-------------------------------------------------------
 T E S T S
-------------------------------------------------------
Running es.us.isa.ideas.test.app.pageobject.testcase.RegisterTestCase
Starting ChromeDriver 2.21.371459 (36d3d07f660ff2bc1bf28a75d1cdabed0983e7c4) on port 40023
Only local connections are allowed.
jun 01, 2016 12:19:47 PM es.us.isa.ideas.test.app.pageobject.login.RegisterPage$RegisterTestCase testRegisterWithErrors
INFORMACIÓN: test_result: true
jun 01, 2016 12:19:58 PM es.us.isa.ideas.test.app.pageobject.login.RegisterSocialTwitterPage$TwitterRegisterTestCase testTwitterSocialRegister
INFORMACIÓN: test_result: true
driver location : https://designer.governify.io/app/editor
jun 01, 2016 12:20:10 PM es.us.isa.ideas.test.app.pageobject.login.RegisterSocialGooglePage$GoogleRegisterTestCase testGoogleSocialRegister
INFORMACIÓN: test_result: true
jun 01, 2016 12:20:24 PM es.us.isa.ideas.test.app.pageobject.login.RegisterSocialGooglePage$GoogleRegisterTestCase testGoogleSocialLogout
INFORMACIÓN: test_result: true
jun 01, 2016 12:21:12 PM es.us.isa.ideas.test.app.pageobject.login.LoginPage$LoginTestCase testLogin
INFORMACIÓN: test_result: true
jun 01, 2016 12:21:14 PM es.us.isa.ideas.test.app.pageobject.login.RegisterPage$RegisterTestCase testRegister
INFORMACIÓN: test_result: true
jun 01, 2016 12:21:53 PM es.us.isa.ideas.test.app.pageobject.login.LoginPage$LoginTestCase testLogin
INFORMACIÓN: test_result: true
jun 01, 2016 12:21:55 PM es.us.isa.ideas.test.app.pageobject.login.RecoverPasswordPage$RegisterTestCase testRecoverPassword
INFORMACIÓN: test_result: true
Tests run: 5, Failures: 0, Errors: 0, Skipped: 0, Time elapsed: 146.934 sec

Results :

Tests run: 5, Failures: 0, Errors: 0, Skipped: 0

------------------------------------------------------------------------
BUILD SUCCESS
------------------------------------------------------------------------
Total time: 2:30.815s
Finished at: Wed Jun 01 12:21:58 CEST 2016
Final Memory: 13M/309M
------------------------------------------------------------------------
