cd /Users/feserafim/Dropbox/ISA/workspace/ideas-studio; JAVA_HOME=/Library/Java/JavaVirtualMachines/jdk1.7.0_79.jdk/Contents/Home "/Applications/NetBeans/NetBeans 8.1.app/Contents/Resources/NetBeans/java/maven/bin/mvn" -Dtest=es.us.isa.ideas.test.app.pageobject.testcase.DynatreeTestCase surefire:test
Running NetBeans Compile On Save execution. Phase execution is skipped and output directories of dependency projects (with Compile on Save turned on) will be used instead of their jar artifacts.
Scanning for projects...

Some problems were encountered while building the effective model for es.us.isa:ideas-studio:war:0.9.1
'dependencies.dependency.(groupId:artifactId:type:classifier)' must be unique: commons-io:commons-io:jar -> duplicate declaration of version 2.4 @ line 544, column 21
'build.plugins.plugin.version' for org.apache.maven.plugins:maven-eclipse-plugin is missing. @ line 739, column 21

It is highly recommended to fix these problems because they threaten the stability of your build.

For this reason, future Maven versions might no longer support building such malformed projects.

The metadata /Users/feserafim/.m2/repository/org/apache/maven/plugins/maven-eclipse-plugin/maven-metadata-codehaus-snapshots.xml is invalid: end tag name </head> must be the same as start tag <link> from line 15 (position: TEXT seen ...itle="Codehaus" href="http://www.codehaus.org/feed.xml" />\n</head>... @17:8)

------------------------------------------------------------------------
Building ideas-studio 0.9.1
------------------------------------------------------------------------

--- maven-surefire-plugin:2.12:test (default-cli) @ ideas-studio ---
Surefire report directory: /Users/feserafim/Dropbox/ISA/workspace/ideas-studio/target/surefire-reports

-------------------------------------------------------
 T E S T S
-------------------------------------------------------
Running es.us.isa.ideas.test.app.pageobject.testcase.DynatreeTestCase
Starting ChromeDriver 2.20.353124 (035346203162d32c80f1dce587c8154a1efa0c3b) on port 41039
Only local connections are allowed.
mar 09, 2016 12:32:45 PM es.us.isa.ideas.test.app.pageobject.login.LoginPage$LoginTestCase testLogin
INFORMACIÓN: test_result: true
mar 09, 2016 12:32:54 PM es.us.isa.ideas.test.app.pageobject.editor.WorkspaceManagerPage$WorkspaceTestCase testCreateWorkspace
INFORMACIÓN: test_result: true
mar 09, 2016 12:33:03 PM es.us.isa.ideas.test.app.pageobject.editor.SectionFile$ProjectTestCase testCreateProject
INFORMACIÓN: test_result: true
mar 09, 2016 12:33:18 PM es.us.isa.ideas.test.app.pageobject.editor.SectionFile$FileTestCase testCreateFile
INFORMACIÓN: test_result: true
mar 09, 2016 12:33:36 PM es.us.isa.ideas.test.app.pageobject.editor.SectionFile$DirectoryTestCase testCreateDirectory
INFORMACIÓN: test_result: true
mar 09, 2016 12:33:54 PM es.us.isa.ideas.test.app.pageobject.editor.SectionFile$DirectoryTestCase testCreateDirectory
INFORMACIÓN: test_result: true
mar 09, 2016 12:34:09 PM es.us.isa.ideas.test.app.pageobject.editor.SectionFile$FileTestCase testCreateFile
INFORMACIÓN: test_result: true
mar 09, 2016 12:34:18 PM es.us.isa.ideas.test.app.pageobject.editor.SectionFile$FileTestCase testRenameFile
INFORMACIÓN: test_result: true
mar 09, 2016 12:34:33 PM es.us.isa.ideas.test.app.pageobject.editor.SectionFile$FileTestCase testEditFile
INFORMACIÓN: test_result: true
mar 09, 2016 12:34:43 PM es.us.isa.ideas.test.app.pageobject.editor.SectionFile$FileTestCase testRenameFile
INFORMACIÓN: test_result: true
mar 09, 2016 12:34:53 PM es.us.isa.ideas.test.app.pageobject.editor.WorkspaceManagerPage$WorkspaceTestCase testDeleteWorkspace
INFORMACIÓN: test_result: true
Tests run: 11, Failures: 0, Errors: 0, Skipped: 0, Time elapsed: 142.673 sec

Results :

Tests run: 11, Failures: 0, Errors: 0, Skipped: 0

------------------------------------------------------------------------
BUILD SUCCESS
------------------------------------------------------------------------
Total time: 2:30.238s
Finished at: Wed Mar 09 12:34:54 CET 2016
Final Memory: 11M/245M
------------------------------------------------------------------------




cd /Users/feserafim/Dropbox/ISA/workspace/ideas-studio; JAVA_HOME=/Library/Java/JavaVirtualMachines/jdk1.7.0_79.jdk/Contents/Home "/Applications/NetBeans/NetBeans 8.1.app/Contents/Resources/NetBeans/java/maven/bin/mvn" -Dtest=es.us.isa.ideas.test.app.pageobject.testcase.WorkspaceEditorTestCase surefire:test
Running NetBeans Compile On Save execution. Phase execution is skipped and output directories of dependency projects (with Compile on Save turned on) will be used instead of their jar artifacts.
Scanning for projects...

Some problems were encountered while building the effective model for es.us.isa:ideas-studio:war:0.9.1
'dependencies.dependency.(groupId:artifactId:type:classifier)' must be unique: commons-io:commons-io:jar -> duplicate declaration of version 2.4 @ line 544, column 21
'build.plugins.plugin.version' for org.apache.maven.plugins:maven-eclipse-plugin is missing. @ line 739, column 21

It is highly recommended to fix these problems because they threaten the stability of your build.

For this reason, future Maven versions might no longer support building such malformed projects.

The metadata /Users/feserafim/.m2/repository/org/apache/maven/plugins/maven-eclipse-plugin/maven-metadata-codehaus-snapshots.xml is invalid: end tag name </head> must be the same as start tag <link> from line 15 (position: TEXT seen ...itle="Codehaus" href="http://www.codehaus.org/feed.xml" />\n</head>... @17:8)

------------------------------------------------------------------------
Building ideas-studio 0.9.1
------------------------------------------------------------------------

--- maven-surefire-plugin:2.12:test (default-cli) @ ideas-studio ---
Surefire report directory: /Users/feserafim/Dropbox/ISA/workspace/ideas-studio/target/surefire-reports

-------------------------------------------------------
 T E S T S
-------------------------------------------------------
Running es.us.isa.ideas.test.app.pageobject.testcase.WorkspaceEditorTestCase
Starting ChromeDriver 2.20.353124 (035346203162d32c80f1dce587c8154a1efa0c3b) on port 39967
Only local connections are allowed.
mar 09, 2016 12:59:47 PM es.us.isa.ideas.test.app.pageobject.login.LoginPage$LoginTestCase testLogin
INFORMACIÓN: test_result: true
mar 09, 2016 12:59:56 PM es.us.isa.ideas.test.app.pageobject.editor.WorkspaceManagerPage$WorkspaceTestCase testCreateWorkspace
INFORMACIÓN: test_result: true
mar 09, 2016 1:00:04 PM es.us.isa.ideas.test.app.pageobject.editor.WorkspaceManagerPage$WorkspaceTestCase testEditWorkspace
INFORMACIÓN: test_result: true
mar 09, 2016 1:00:19 PM es.us.isa.ideas.test.app.pageobject.editor.WorkspaceManagerPage$WorkspaceTestCase testPublishDemoWorkspace
INFORMACIÓN: test_result: true
mar 09, 2016 1:00:33 PM es.us.isa.ideas.test.app.pageobject.editor.WorkspaceManagerPage$WorkspaceTestCase testDeleteWorkspaceButton
INFORMACIÓN: test_result: true
mar 09, 2016 1:00:39 PM es.us.isa.ideas.test.app.pageobject.login.LoginPage$LoginTestCase testLogin
INFORMACIÓN: test_result: true
mar 09, 2016 1:00:51 PM es.us.isa.ideas.test.app.pageobject.editor.WorkspaceManagerPage$WorkspaceTestCase testDeleteWorkspace
INFORMACIÓN: test_result: true
Tests run: 8, Failures: 0, Errors: 0, Skipped: 0, Time elapsed: 73.37 sec

Results :

Tests run: 8, Failures: 0, Errors: 0, Skipped: 0

------------------------------------------------------------------------
BUILD SUCCESS
------------------------------------------------------------------------
Total time: 1:20.182s
Finished at: Wed Mar 09 13:00:51 CET 2016
Final Memory: 12M/310M
------------------------------------------------------------------------




cd /Users/feserafim/Dropbox/ISA/workspace/ideas-studio; JAVA_HOME=/Library/Java/JavaVirtualMachines/jdk1.7.0_79.jdk/Contents/Home "/Applications/NetBeans/NetBeans 8.1.app/Contents/Resources/NetBeans/java/maven/bin/mvn" -Dtest=es.us.isa.ideas.test.app.pageobject.testcase.WorkspaceDashboardTestCase surefire:test
Running NetBeans Compile On Save execution. Phase execution is skipped and output directories of dependency projects (with Compile on Save turned on) will be used instead of their jar artifacts.
Scanning for projects...

Some problems were encountered while building the effective model for es.us.isa:ideas-studio:war:0.9.1
'dependencies.dependency.(groupId:artifactId:type:classifier)' must be unique: commons-io:commons-io:jar -> duplicate declaration of version 2.4 @ line 544, column 21
'build.plugins.plugin.version' for org.apache.maven.plugins:maven-eclipse-plugin is missing. @ line 739, column 21

It is highly recommended to fix these problems because they threaten the stability of your build.

For this reason, future Maven versions might no longer support building such malformed projects.

The metadata /Users/feserafim/.m2/repository/org/apache/maven/plugins/maven-eclipse-plugin/maven-metadata-codehaus-snapshots.xml is invalid: end tag name </head> must be the same as start tag <link> from line 15 (position: TEXT seen ...itle="Codehaus" href="http://www.codehaus.org/feed.xml" />\n</head>... @17:8)

------------------------------------------------------------------------
Building ideas-studio 0.9.1
------------------------------------------------------------------------

--- maven-surefire-plugin:2.12:test (default-cli) @ ideas-studio ---
Surefire report directory: /Users/feserafim/Dropbox/ISA/workspace/ideas-studio/target/surefire-reports

-------------------------------------------------------
 T E S T S
-------------------------------------------------------
Running es.us.isa.ideas.test.app.pageobject.testcase.WorkspaceDashboardTestCase
Starting ChromeDriver 2.20.353124 (035346203162d32c80f1dce587c8154a1efa0c3b) on port 34611
Only local connections are allowed.
mar 09, 2016 1:03:15 PM es.us.isa.ideas.test.app.pageobject.login.LoginPage$LoginTestCase testLogin
INFORMACIÓN: test_result: true
mar 09, 2016 1:03:24 PM es.us.isa.ideas.test.app.pageobject.editor.WorkspaceManagerPage$WorkspaceTestCase testCreateWorkspace
INFORMACIÓN: test_result: true
mar 09, 2016 1:03:35 PM es.us.isa.ideas.test.app.pageobject.editor.WorkspaceManagerPage$WorkspaceTestCase testPublishDemoWorkspace
INFORMACIÓN: test_result: true
mar 09, 2016 1:03:41 PM es.us.isa.ideas.test.app.pageobject.login.LoginPage$LoginTestCase testLogin
INFORMACIÓN: test_result: true
mar 09, 2016 1:03:49 PM es.us.isa.ideas.test.app.pageobject.editor.WorkspaceManagerPage$WorkspaceTestCase testCreateWorkspace
INFORMACIÓN: test_result: true
mar 09, 2016 1:03:55 PM es.us.isa.ideas.test.app.pageobject.editor.WorkspaceManagerPage$WorkspaceTestCase testOpenWorkspaceFromDashboard
INFORMACIÓN: test_result: true
mar 09, 2016 1:04:07 PM es.us.isa.ideas.test.app.pageobject.editor.WorkspaceManagerPage$WorkspaceTestCase testEditWorkspaceFromDashboard
INFORMACIÓN: test_result: true
mar 09, 2016 1:04:14 PM es.us.isa.ideas.test.app.pageobject.editor.WorkspaceManagerPage$WorkspaceTestCase testPublishDemoWorkspaceFromDashboard
INFORMACIÓN: test_result: true
mar 09, 2016 1:04:22 PM es.us.isa.ideas.test.app.pageobject.editor.WorkspaceManagerPage$WorkspaceTestCase testUpdateDemoWorkspaceFromDashboard
INFORMACIÓN: test_result: true
mar 09, 2016 1:04:33 PM es.us.isa.ideas.test.app.pageobject.editor.WorkspaceManagerPage$WorkspaceTestCase testDepublishDemoWorkspaceFromDashboard
INFORMACIÓN: test_result: true
mar 09, 2016 1:04:45 PM es.us.isa.ideas.test.app.pageobject.editor.WorkspaceManagerPage$WorkspaceTestCase testDeleteWorkspaceFromDashboard
INFORMACIÓN: test_result: true
mar 09, 2016 1:04:53 PM es.us.isa.ideas.test.app.pageobject.editor.WorkspaceManagerPage$WorkspaceTestCase testClonePublicDemoFromDashboard
INFORMACIÓN: test_result: true
mar 09, 2016 1:05:05 PM es.us.isa.ideas.test.app.pageobject.editor.WorkspaceManagerPage$WorkspaceTestCase testDeleteCloneDemoFromDashboard
INFORMACIÓN: test_result: true
mar 09, 2016 1:05:12 PM es.us.isa.ideas.test.app.pageobject.login.LoginPage$LoginTestCase testLogin
INFORMACIÓN: test_result: true
mar 09, 2016 1:05:25 PM es.us.isa.ideas.test.app.pageobject.editor.WorkspaceManagerPage$WorkspaceTestCase testDeleteCloneDemoFromDashboard
INFORMACIÓN: test_result: true
mar 09, 2016 1:05:32 PM es.us.isa.ideas.test.app.pageobject.login.LoginPage$LoginTestCase testLogin
INFORMACIÓN: test_result: true
mar 09, 2016 1:05:44 PM es.us.isa.ideas.test.app.pageobject.editor.WorkspaceManagerPage$WorkspaceTestCase testDeleteCloneDemoFromDashboard
INFORMACIÓN: test_result: true
Tests run: 18, Failures: 0, Errors: 0, Skipped: 0, Time elapsed: 160.03 sec

Results :

Tests run: 18, Failures: 0, Errors: 0, Skipped: 0

------------------------------------------------------------------------
BUILD SUCCESS
------------------------------------------------------------------------
Total time: 2:47.476s
Finished at: Wed Mar 09 13:05:44 CET 2016
Final Memory: 11M/245M
------------------------------------------------------------------------



cd /Users/feserafim/Dropbox/ISA/workspace/ideas-studio; JAVA_HOME=/Library/Java/JavaVirtualMachines/jdk1.7.0_79.jdk/Contents/Home "/Applications/NetBeans/NetBeans 8.1.app/Contents/Resources/NetBeans/java/maven/bin/mvn" -Dtest=es.us.isa.ideas.test.app.pageobject.testcase.WorkspaceDemoTestCase surefire:test
Running NetBeans Compile On Save execution. Phase execution is skipped and output directories of dependency projects (with Compile on Save turned on) will be used instead of their jar artifacts.
Scanning for projects...

Some problems were encountered while building the effective model for es.us.isa:ideas-studio:war:0.9.1
'dependencies.dependency.(groupId:artifactId:type:classifier)' must be unique: commons-io:commons-io:jar -> duplicate declaration of version 2.4 @ line 544, column 21
'build.plugins.plugin.version' for org.apache.maven.plugins:maven-eclipse-plugin is missing. @ line 739, column 21

It is highly recommended to fix these problems because they threaten the stability of your build.

For this reason, future Maven versions might no longer support building such malformed projects.

The metadata /Users/feserafim/.m2/repository/org/apache/maven/plugins/maven-eclipse-plugin/maven-metadata-codehaus-snapshots.xml is invalid: end tag name </head> must be the same as start tag <link> from line 15 (position: TEXT seen ...itle="Codehaus" href="http://www.codehaus.org/feed.xml" />\n</head>... @17:8)

------------------------------------------------------------------------
Building ideas-studio 0.9.1
------------------------------------------------------------------------

--- maven-surefire-plugin:2.12:test (default-cli) @ ideas-studio ---
Surefire report directory: /Users/feserafim/Dropbox/ISA/workspace/ideas-studio/target/surefire-reports

-------------------------------------------------------
 T E S T S
-------------------------------------------------------
Running es.us.isa.ideas.test.app.pageobject.testcase.WorkspaceDemoTestCase
Starting ChromeDriver 2.20.353124 (035346203162d32c80f1dce587c8154a1efa0c3b) on port 37415
Only local connections are allowed.
mar 09, 2016 2:12:51 PM es.us.isa.ideas.test.app.pageobject.login.LoginPage$LoginTestCase testLogin
INFORMACIÓN: test_result: true
mar 09, 2016 2:12:59 PM es.us.isa.ideas.test.app.pageobject.editor.WorkspaceManagerPage$WorkspaceTestCase testCreateWorkspace
INFORMACIÓN: test_result: true
mar 09, 2016 2:13:10 PM es.us.isa.ideas.test.app.pageobject.editor.WorkspaceManagerPage$WorkspaceTestCase testPublishDemoWorkspace
INFORMACIÓN: test_result: true
mar 09, 2016 2:13:24 PM es.us.isa.ideas.test.app.pageobject.editor.WorkspaceManagerPage$WorkspaceTestCase testDemoView
INFORMACIÓN: test_result: true
mar 09, 2016 2:13:28 PM es.us.isa.ideas.test.app.pageobject.login.LoginPage$LoginTestCase testLogin
INFORMACIÓN: test_result: true
mar 09, 2016 2:13:41 PM es.us.isa.ideas.test.app.pageobject.editor.WorkspaceManagerPage$WorkspaceTestCase testDeleteCloneDemoFromDashboard
INFORMACIÓN: test_result: true
Tests run: 6, Failures: 0, Errors: 0, Skipped: 0, Time elapsed: 64.05 sec

Results :

Tests run: 6, Failures: 0, Errors: 0, Skipped: 0

------------------------------------------------------------------------
BUILD SUCCESS
------------------------------------------------------------------------
Total time: 1:10.553s
Finished at: Wed Mar 09 14:13:41 CET 2016
Final Memory: 11M/245M
------------------------------------------------------------------------




cd /Users/feserafim/Dropbox/ISA/workspace/ideas-studio; JAVA_HOME=/Library/Java/JavaVirtualMachines/jdk1.7.0_79.jdk/Contents/Home "/Applications/NetBeans/NetBeans 8.1.app/Contents/Resources/NetBeans/java/maven/bin/mvn" -Dtest=es.us.isa.ideas.test.app.pageobject.testcase.BindingFormTestCase surefire:test
Running NetBeans Compile On Save execution. Phase execution is skipped and output directories of dependency projects (with Compile on Save turned on) will be used instead of their jar artifacts.
Scanning for projects...

Some problems were encountered while building the effective model for es.us.isa:ideas-studio:war:0.9.1
'dependencies.dependency.(groupId:artifactId:type:classifier)' must be unique: commons-io:commons-io:jar -> duplicate declaration of version 2.4 @ line 544, column 21
'build.plugins.plugin.version' for org.apache.maven.plugins:maven-eclipse-plugin is missing. @ line 739, column 21

It is highly recommended to fix these problems because they threaten the stability of your build.

For this reason, future Maven versions might no longer support building such malformed projects.

The metadata /Users/feserafim/.m2/repository/org/apache/maven/plugins/maven-eclipse-plugin/maven-metadata-codehaus-snapshots.xml is invalid: end tag name </head> must be the same as start tag <link> from line 15 (position: TEXT seen ...itle="Codehaus" href="http://www.codehaus.org/feed.xml" />\n</head>... @17:8)

------------------------------------------------------------------------
Building ideas-studio 0.9.1
------------------------------------------------------------------------

--- maven-surefire-plugin:2.12:test (default-cli) @ ideas-studio ---
Surefire report directory: /Users/feserafim/Dropbox/ISA/workspace/ideas-studio/target/surefire-reports

-------------------------------------------------------
 T E S T S
-------------------------------------------------------
Running es.us.isa.ideas.test.app.pageobject.testcase.BindingFormTestCase
Starting ChromeDriver 2.20.353124 (035346203162d32c80f1dce587c8154a1efa0c3b) on port 38716
Only local connections are allowed.
mar 09, 2016 2:15:19 PM es.us.isa.ideas.test.app.pageobject.login.LoginPage$LoginTestCase testLogin
INFORMACIÓN: test_result: true
mar 09, 2016 2:15:27 PM es.us.isa.ideas.test.app.pageobject.editor.WorkspaceManagerPage$WorkspaceTestCase testCreateWorkspace
INFORMACIÓN: test_result: true
mar 09, 2016 2:15:35 PM es.us.isa.ideas.test.app.pageobject.editor.SectionFile$ProjectTestCase testCreateProject
INFORMACIÓN: test_result: true
mar 09, 2016 2:15:51 PM es.us.isa.ideas.test.app.pageobject.editor.SectionFile$FileTestCase testCreateFile
INFORMACIÓN: test_result: true
mar 09, 2016 2:16:06 PM es.us.isa.ideas.test.app.pageobject.editor.SectionFile$FileTestCase testEditFile
INFORMACIÓN: test_result: true
mar 09, 2016 2:16:11 PM es.us.isa.ideas.test.app.pageobject.editor.SectionInspector$SectionInspectorTestCase testOpenInspector
INFORMACIÓN: test_result: true
mar 09, 2016 2:16:18 PM es.us.isa.ideas.test.app.pageobject.editor.SectionFile$FileTestCase testOpenFile
INFORMACIÓN: test_result: true
mar 09, 2016 2:16:18 PM es.us.isa.ideas.test.app.pageobject.editor.SectionInspector$SectionInspectorTestCase testOpenInspector
INFORMACIÓN: test_result: true
mar 09, 2016 2:16:21 PM es.us.isa.ideas.test.app.pageobject.editor.SectionInspector$SectionInspectorTestCase testBuildExampleFormFromFilename
INFORMACIÓN: test_result: true
mar 09, 2016 2:16:29 PM es.us.isa.ideas.test.app.pageobject.editor.SectionFile$FileTestCase testOpenFile
INFORMACIÓN: test_result: true
mar 09, 2016 2:16:30 PM es.us.isa.ideas.test.app.pageobject.editor.SectionEditorFormatTab$SectionEditorFormatTabTestCase testIsEditorFormatActivated
INFORMACIÓN: test_result: true
mar 09, 2016 2:16:35 PM es.us.isa.ideas.test.app.pageobject.editor.SectionInspector$SectionInspectorTestCase testOpenInspector
INFORMACIÓN: test_result: true
mar 09, 2016 2:16:35 PM es.us.isa.ideas.test.app.pageobject.editor.SectionInspector$SectionInspectorTestCase testInspectorFormTabContentContains
INFORMACIÓN: test_result: true
mar 09, 2016 2:16:36 PM es.us.isa.ideas.test.app.pageobject.editor.SectionEditorFormatTab$SectionEditorFormatTabTestCase testIsEditorFormatActivated
INFORMACIÓN: test_result: true
mar 09, 2016 2:16:51 PM es.us.isa.ideas.test.app.pageobject.editor.SectionFile$FileTestCase testCreateFile
INFORMACIÓN: test_result: true
mar 09, 2016 2:17:07 PM es.us.isa.ideas.test.app.pageobject.editor.SectionFile$FileTestCase testEditFile
INFORMACIÓN: test_result: true
mar 09, 2016 2:17:11 PM es.us.isa.ideas.test.app.pageobject.editor.SectionInspector$SectionInspectorTestCase testOpenInspector
INFORMACIÓN: test_result: true
mar 09, 2016 2:17:11 PM es.us.isa.ideas.test.app.pageobject.editor.SectionInspector$SectionInspectorTestCase testOpenInspector
INFORMACIÓN: test_result: true
mar 09, 2016 2:17:13 PM es.us.isa.ideas.test.app.pageobject.editor.SectionInspector$SectionInspectorTestCase testBuildExampleFormFromFilename
INFORMACIÓN: test_result: true
mar 09, 2016 2:17:29 PM es.us.isa.ideas.test.app.pageobject.editor.SectionFile$FileTestCase testEditFile
INFORMACIÓN: test_result: true
mar 09, 2016 2:17:37 PM es.us.isa.ideas.test.app.pageobject.editor.SectionFile$FileTestCase testOpenFile
INFORMACIÓN: test_result: true
mar 09, 2016 2:17:38 PM es.us.isa.ideas.test.app.pageobject.editor.SectionEditorFormatTab$SectionEditorFormatTabTestCase testIsEditorFormatActivated
INFORMACIÓN: test_result: true
mar 09, 2016 2:17:43 PM es.us.isa.ideas.test.app.pageobject.editor.SectionEditorFormatTab$SectionEditorFormatTabTestCase testIsEditorFormatActivated
INFORMACIÓN: test_result: true
mar 09, 2016 2:17:43 PM es.us.isa.ideas.test.app.pageobject.editor.SectionBindingForm$SectionBindingFormTestCase testFormatViewAddSlaButton
INFORMACIÓN: test_result: true
mar 09, 2016 2:17:43 PM es.us.isa.ideas.test.app.pageobject.editor.SectionBindingForm$SectionBindingFormTestCase testNumberOfCreationConstraints
INFORMACIÓN: test_result: true
mar 09, 2016 2:17:45 PM es.us.isa.ideas.test.app.pageobject.editor.SectionEditorFormatTab$SectionEditorFormatTabTestCase testIsEditorFormatActivated
INFORMACIÓN: test_result: true
mar 09, 2016 2:17:46 PM es.us.isa.ideas.test.app.pageobject.editor.SectionEditorFormatTab$SectionEditorFormatTabTestCase testIsEditorFormatActivated
INFORMACIÓN: test_result: true
mar 09, 2016 2:17:50 PM es.us.isa.ideas.test.app.pageobject.editor.SectionInspector$SectionInspectorTestCase testOpenInspector
INFORMACIÓN: test_result: true
mar 09, 2016 2:18:06 PM es.us.isa.ideas.test.app.pageobject.editor.SectionFile$FileTestCase testEditFile
INFORMACIÓN: test_result: true
mar 09, 2016 2:18:12 PM es.us.isa.ideas.test.app.pageobject.editor.SectionInspector$SectionInspectorTestCase testOpenInspector
INFORMACIÓN: test_result: true
mar 09, 2016 2:18:12 PM es.us.isa.ideas.test.app.pageobject.editor.SectionBindingForm$SectionBindingFormTestCase testNumberInspectorConstraintCards
INFORMACIÓN: test_result: true
mar 09, 2016 2:18:22 PM es.us.isa.ideas.test.app.pageobject.editor.WorkspaceManagerPage$WorkspaceTestCase testDeleteWorkspace
INFORMACIÓN: test_result: true
Tests run: 9, Failures: 0, Errors: 0, Skipped: 0, Time elapsed: 197.698 sec

Results :

Tests run: 9, Failures: 0, Errors: 0, Skipped: 0

------------------------------------------------------------------------
BUILD SUCCESS
------------------------------------------------------------------------
Total time: 3:24.102s
Finished at: Wed Mar 09 14:18:22 CET 2016
Final Memory: 12M/310M
------------------------------------------------------------------------




cd /Users/feserafim/Dropbox/ISA/workspace/ideas-studio; JAVA_HOME=/Library/Java/JavaVirtualMachines/jdk1.7.0_79.jdk/Contents/Home "/Applications/NetBeans/NetBeans 8.1.app/Contents/Resources/NetBeans/java/maven/bin/mvn" -Dtest=es.us.isa.ideas.test.app.pageobject.testcase.WorkspaceSwitchTestCase surefire:test
Running NetBeans Compile On Save execution. Phase execution is skipped and output directories of dependency projects (with Compile on Save turned on) will be used instead of their jar artifacts.
Scanning for projects...

Some problems were encountered while building the effective model for es.us.isa:ideas-studio:war:0.9.1
'dependencies.dependency.(groupId:artifactId:type:classifier)' must be unique: commons-io:commons-io:jar -> duplicate declaration of version 2.4 @ line 544, column 21
'build.plugins.plugin.version' for org.apache.maven.plugins:maven-eclipse-plugin is missing. @ line 739, column 21

It is highly recommended to fix these problems because they threaten the stability of your build.

For this reason, future Maven versions might no longer support building such malformed projects.

The metadata /Users/feserafim/.m2/repository/org/apache/maven/plugins/maven-eclipse-plugin/maven-metadata-codehaus-snapshots.xml is invalid: end tag name </head> must be the same as start tag <link> from line 15 (position: TEXT seen ...itle="Codehaus" href="http://www.codehaus.org/feed.xml" />\n</head>... @17:8)

------------------------------------------------------------------------
Building ideas-studio 0.9.1
------------------------------------------------------------------------

--- maven-surefire-plugin:2.12:test (default-cli) @ ideas-studio ---
Surefire report directory: /Users/feserafim/Dropbox/ISA/workspace/ideas-studio/target/surefire-reports

-------------------------------------------------------
 T E S T S
-------------------------------------------------------
Running es.us.isa.ideas.test.app.pageobject.testcase.WorkspaceSwitchTestCase
Starting ChromeDriver 2.20.353124 (035346203162d32c80f1dce587c8154a1efa0c3b) on port 28395
Only local connections are allowed.
mar 09, 2016 3:05:21 PM es.us.isa.ideas.test.app.pageobject.login.LoginPage$LoginTestCase testLogin
INFORMACIÓN: test_result: true
mar 09, 2016 3:05:29 PM es.us.isa.ideas.test.app.pageobject.editor.WorkspaceManagerPage$WorkspaceTestCase testCreateWorkspace
INFORMACIÓN: test_result: true
mar 09, 2016 3:05:37 PM es.us.isa.ideas.test.app.pageobject.editor.SectionFile$ProjectTestCase testCreateProject
INFORMACIÓN: test_result: true
mar 09, 2016 3:05:51 PM es.us.isa.ideas.test.app.pageobject.editor.SectionFile$FileTestCase testCreateFile
INFORMACIÓN: test_result: true
mar 09, 2016 3:05:59 PM es.us.isa.ideas.test.app.pageobject.editor.WorkspaceManagerPage$WorkspaceTestCase testCreateWorkspace
INFORMACIÓN: test_result: true
mar 09, 2016 3:06:07 PM es.us.isa.ideas.test.app.pageobject.editor.SectionFile$ProjectTestCase testCreateProject
INFORMACIÓN: test_result: true
mar 09, 2016 3:06:21 PM es.us.isa.ideas.test.app.pageobject.editor.SectionFile$FileTestCase testCreateFile
INFORMACIÓN: test_result: true
mar 09, 2016 3:06:36 PM es.us.isa.ideas.test.app.pageobject.editor.SectionFile$FileTestCase testEditFile
INFORMACIÓN: test_result: true
mar 09, 2016 3:06:42 PM es.us.isa.ideas.test.app.pageobject.editor.WorkspaceManagerPage$WorkspaceTestCase testOpenWorkspace
INFORMACIÓN: test_result: true
mar 09, 2016 3:06:58 PM es.us.isa.ideas.test.app.pageobject.editor.SectionFile$FileTestCase testEditFile
INFORMACIÓN: test_result: true
mar 09, 2016 3:07:07 PM es.us.isa.ideas.test.app.pageobject.editor.WorkspaceManagerPage$WorkspaceTestCase testDeleteWorkspace
INFORMACIÓN: test_result: true
mar 09, 2016 3:07:18 PM es.us.isa.ideas.test.app.pageobject.editor.WorkspaceManagerPage$WorkspaceTestCase testDeleteWorkspace
INFORMACIÓN: test_result: true
Tests run: 11, Failures: 0, Errors: 0, Skipped: 0, Time elapsed: 128.639 sec

Results :

Tests run: 11, Failures: 0, Errors: 0, Skipped: 0

------------------------------------------------------------------------
BUILD SUCCESS
------------------------------------------------------------------------
Total time: 2:15.187s
Finished at: Wed Mar 09 15:07:18 CET 2016
Final Memory: 12M/310M
------------------------------------------------------------------------
